<?xml version="1.0" encoding="UTF-8"?>
<!-- Generated by org.testng.reporters.JUnitXMLReporter -->
<testsuite ignored="0" hostname="LAPTOP-KGMQ1FFT" failures="0" tests="4" name="Default test" time="101.719" errors="0" timestamp="2024-04-29T15:26:23 IST">
  <testcase classname="testpkg.Saucedemologintest" name="saucedemologin" time="27.185"/>
  <testcase classname="testpkg.Saucedemologintest" name="addproductstocart" time="6.383"/>
  <testcase classname="testpkg.Saucedemologintest" name="personaldetails" time="4.334"/>
  <testcase classname="testpkg.Saucedemologintest" name="gotohomeandlogout" time="5.035"/>
</testsuite> <!-- Default test -->
