<?xml version="1.0" encoding="UTF-8"?>
<testng-results ignored="0" total="4" passed="4" failed="0" skipped="0">
  <reporter-output>
  </reporter-output>
  <suite started-at="2024-04-29T15:24:42 IST" name="Default suite" finished-at="2024-04-29T15:26:23 IST" duration-ms="101719">
    <groups>
    </groups>
    <test started-at="2024-04-29T15:24:42 IST" name="Default test" finished-at="2024-04-29T15:26:23 IST" duration-ms="101719">
      <class name="testpkg.Saucedemologintest">
        <test-method is-config="true" signature="setUp()[pri:0, instance:testpkg.Saucedemologintest@2892d68]" started-at="2024-04-29T15:24:42 IST" name="setUp" finished-at="2024-04-29T15:25:40 IST" duration-ms="58551" status="PASS">
          <reporter-output>
          </reporter-output>
        </test-method> <!-- setUp -->
        <test-method signature="saucedemologin()[pri:1, instance:testpkg.Saucedemologintest@2892d68]" started-at="2024-04-29T15:25:40 IST" name="saucedemologin" finished-at="2024-04-29T15:26:08 IST" duration-ms="27185" status="PASS">
          <reporter-output>
          </reporter-output>
        </test-method> <!-- saucedemologin -->
        <test-method signature="addproductstocart()[pri:2, instance:testpkg.Saucedemologintest@2892d68]" started-at="2024-04-29T15:26:08 IST" name="addproductstocart" finished-at="2024-04-29T15:26:14 IST" duration-ms="6383" status="PASS">
          <reporter-output>
          </reporter-output>
        </test-method> <!-- addproductstocart -->
        <test-method signature="personaldetails()[pri:3, instance:testpkg.Saucedemologintest@2892d68]" started-at="2024-04-29T15:26:14 IST" name="personaldetails" finished-at="2024-04-29T15:26:18 IST" duration-ms="4334" status="PASS">
          <reporter-output>
          </reporter-output>
        </test-method> <!-- personaldetails -->
        <test-method signature="gotohomeandlogout()[pri:4, instance:testpkg.Saucedemologintest@2892d68]" started-at="2024-04-29T15:26:18 IST" name="gotohomeandlogout" finished-at="2024-04-29T15:26:23 IST" duration-ms="5035" status="PASS">
          <reporter-output>
          </reporter-output>
        </test-method> <!-- gotohomeandlogout -->
      </class> <!-- testpkg.Saucedemologintest -->
    </test> <!-- Default test -->
  </suite> <!-- Default suite -->
</testng-results>
